# JRE version: Java(TM) SE Runtime Environment (8.0_25-b17) (build 1.8.0_25-b17)
# Java VM: Java HotSpot(TM) 64-Bit Server VM (25.25-b02 mixed mode linux-amd64 compressed oops)
Heap:
 def new generation   total 73728K, used 30074K [0x00000000f0800000, 0x00000000f5800000, 0x00000000f5aa0000)
  eden space 65536K,  39% used [0x00000000f0800000, 0x00000000f2144270, 0x00000000f4800000)
  from space 8192K,  51% used [0x00000000f5000000, 0x00000000f541a650, 0x00000000f5800000)
  to   space 8192K,   0% used [0x00000000f4800000, 0x00000000f4800000, 0x00000000f5000000)
 tenured generation   total 163676K, used 159171K [0x00000000f5aa0000, 0x00000000ffa77000, 0x0000000100000000)
   the space 163676K,  97% used [0x00000000f5aa0000, 0x00000000ff610dc0, 0x00000000ff610e00, 0x00000000ffa77000)
 Metaspace       used 346699K, capacity 551633K, committed 585648K, reserved 1374208K
  class space    used 157359K, capacity 227037K, committed 261040K, reserved 1048576K
GC Heap History (10 events):
Event: 962459.638 GC heap before
{Heap before GC invocations=9933 (full 59):
 def new generation   total 73728K, used 69686K [0x00000000f0800000, 0x00000000f5800000, 0x00000000f5aa0000)
  eden space 65536K, 100% used [0x00000000f0800000, 0x00000000f4800000, 0x00000000f4800000)
  from space 8192K,  50% used [0x00000000f4800000, 0x00000000f4c0dac0, 0x00000000f5000000)
  to   space 8192K,   0% used [0x00000000f5000000, 0x00000000f5000000, 0x00000000f5800000)
 tenured generation   total 163676K, used 156841K [0x00000000f5aa0000, 0x00000000ffa77000, 0x0000000100000000)
   the space 163676K,  95% used [0x00000000f5aa0000, 0x00000000ff3ca5a8, 0x00000000ff3ca600, 0x00000000ffa77000)
 Metaspace       used 340358K, capacity 540199K, committed 579504K, reserved 1368064K
  class space    used 154316K, capacity 221987K, committed 261040K, reserved 1048576K
Event: 962459.796 GC heap after
Heap after GC invocations=9934 (full 59):
 def new generation   total 73728K, used 4239K [0x00000000f0800000, 0x00000000f5800000, 0x00000000f5aa0000)
  eden space 65536K,   0% used [0x00000000f0800000, 0x00000000f0800000, 0x00000000f4800000)
  from space 8192K,  51% used [0x00000000f5000000, 0x00000000f5423f78, 0x00000000f5800000)
  to   space 8192K,   0% used [0x00000000f4800000, 0x00000000f4800000, 0x00000000f5000000)
 tenured generation   total 163676K, used 157373K [0x00000000f5aa0000, 0x00000000ffa77000, 0x0000000100000000)
   the space 163676K,  96% used [0x00000000f5aa0000, 0x00000000ff44f698, 0x00000000ff44f800, 0x00000000ffa77000)
 Metaspace       used 340358K, capacity 540199K, committed 579504K, reserved 1368064K
  class space    used 154316K, capacity 221987K, committed 261040K, reserved 1048576K
}
Event: 962478.313 GC heap before
{Heap before GC invocations=9934 (full 59):
 def new generation   total 73728K, used 69775K [0x00000000f0800000, 0x00000000f5800000, 0x00000000f5aa0000)
  eden space 65536K, 100% used [0x00000000f0800000, 0x00000000f4800000, 0x00000000f4800000)
  from space 8192K,  51% used [0x00000000f5000000, 0x00000000f5423f78, 0x00000000f5800000)
  to   space 8192K,   0% used [0x00000000f4800000, 0x00000000f4800000, 0x00000000f5000000)
 tenured generation   total 163676K, used 157373K [0x00000000f5aa0000, 0x00000000ffa77000, 0x0000000100000000)
   the space 163676K,  96% used [0x00000000f5aa0000, 0x00000000ff44f698, 0x00000000ff44f800, 0x00000000ffa77000)
 Metaspace       used 341426K, capacity 541927K, committed 580272K, reserved 1368064K
  class space    used 154821K, capacity 222783K, committed 261040K, reserved 1048576K
Event: 962478.357 GC heap after
Heap after GC invocations=9935 (full 59):
 def new generation   total 73728K, used 3970K [0x00000000f0800000, 0x00000000f5800000, 0x00000000f5aa0000)
  eden space 65536K,   0% used [0x00000000f0800000, 0x00000000f0800000, 0x00000000f4800000)
  from space 8192K,  48% used [0x00000000f4800000, 0x00000000f4be09a0, 0x00000000f5000000)
  to   space 8192K,   0% used [0x00000000f5000000, 0x00000000f5000000, 0x00000000f5800000)
 tenured generation   total 163676K, used 157878K [0x00000000f5aa0000, 0x00000000ffa77000, 0x0000000100000000)
   the space 163676K,  96% used [0x00000000f5aa0000, 0x00000000ff4cdb00, 0x00000000ff4cdc00, 0x00000000ffa77000)
 Metaspace       used 341426K, capacity 541927K, committed 580272K, reserved 1368064K
  class space    used 154821K, capacity 222783K, committed 261040K, reserved 1048576K
}
Event: 962479.514 GC heap before
{Heap before GC invocations=9935 (full 59):
 def new generation   total 73728K, used 69506K [0x00000000f0800000, 0x00000000f5800000, 0x00000000f5aa0000)
  eden space 65536K, 100% used [0x00000000f0800000, 0x00000000f4800000, 0x00000000f4800000)
  from space 8192K,  48% used [0x00000000f4800000, 0x00000000f4be09a0, 0x00000000f5000000)
  to   space 8192K,   0% used [0x00000000f5000000, 0x00000000f5000000, 0x00000000f5800000)
 tenured generation   total 163676K, used 157878K [0x00000000f5aa0000, 0x00000000ffa77000, 0x0000000100000000)
   the space 163676K,  96% used [0x00000000f5aa0000, 0x00000000ff4cdb00, 0x00000000ff4cdc00, 0x00000000ffa77000)
 Metaspace       used 343233K, capacity 545663K, committed 582320K, reserved 1370112K
  class space    used 155709K, capacity 224495K, committed 261040K, reserved 1048576K
Event: 962479.582 GC heap after
Heap after GC invocations=9936 (full 59):
 def new generation   total 73728K, used 4708K [0x00000000f0800000, 0x00000000f5800000, 0x00000000f5aa0000)
  eden space 65536K,   0% used [0x00000000f0800000, 0x00000000f0800000, 0x00000000f4800000)
  from space 8192K,  57% used [0x00000000f5000000, 0x00000000f5499318, 0x00000000f5800000)
  to   space 8192K,   0% used [0x00000000f4800000, 0x00000000f4800000, 0x00000000f5000000)
 tenured generation   total 163676K, used 157878K [0x00000000f5aa0000, 0x00000000ffa77000, 0x0000000100000000)
   the space 163676K,  96% used [0x00000000f5aa0000, 0x00000000ff4cdb00, 0x00000000ff4cdc00, 0x00000000ffa77000)
 Metaspace       used 343233K, capacity 545663K, committed 582320K, reserved 1370112K
  class space    used 155709K, capacity 224495K, committed 261040K, reserved 1048576K
}
Event: 962480.824 GC heap before
{Heap before GC invocations=9936 (full 59):
 def new generation   total 73728K, used 70244K [0x00000000f0800000, 0x00000000f5800000, 0x00000000f5aa0000)
  eden space 65536K, 100% used [0x00000000f0800000, 0x00000000f4800000, 0x00000000f4800000)
  from space 8192K,  57% used [0x00000000f5000000, 0x00000000f5499318, 0x00000000f5800000)
  to   space 8192K,   0% used [0x00000000f4800000, 0x00000000f4800000, 0x00000000f5000000)
 tenured generation   total 163676K, used 157878K [0x00000000f5aa0000, 0x00000000ffa77000, 0x0000000100000000)
   the space 163676K,  96% used [0x00000000f5aa0000, 0x00000000ff4cdb00, 0x00000000ff4cdc00, 0x00000000ffa77000)
 Metaspace       used 345223K, capacity 549255K, committed 584624K, reserved 1372160K
  class space    used 156673K, capacity 225863K, committed 261040K, reserved 1048576K
Event: 962480.893 GC heap after
Heap after GC invocations=9937 (full 59):
 def new generation   total 73728K, used 4382K [0x00000000f0800000, 0x00000000f5800000, 0x00000000f5aa0000)
  eden space 65536K,   0% used [0x00000000f0800000, 0x00000000f0800000, 0x00000000f4800000)
  from space 8192K,  53% used [0x00000000f4800000, 0x00000000f4c47a70, 0x00000000f5000000)
  to   space 8192K,   0% used [0x00000000f5000000, 0x00000000f5000000, 0x00000000f5800000)
 tenured generation   total 163676K, used 158742K [0x00000000f5aa0000, 0x00000000ffa77000, 0x0000000100000000)
   the space 163676K,  96% used [0x00000000f5aa0000, 0x00000000ff5a5910, 0x00000000ff5a5a00, 0x00000000ffa77000)
 Metaspace       used 345223K, capacity 549255K, committed 584624K, reserved 1372160K
  class space    used 156673K, capacity 225863K, committed 261040K, reserved 1048576K
}
Event: 962488.561 GC heap before
{Heap before GC invocations=9937 (full 59):
 def new generation   total 73728K, used 69918K [0x00000000f0800000, 0x00000000f5800000, 0x00000000f5aa0000)
  eden space 65536K, 100% used [0x00000000f0800000, 0x00000000f4800000, 0x00000000f4800000)
  from space 8192K,  53% used [0x00000000f4800000, 0x00000000f4c47a70, 0x00000000f5000000)
  to   space 8192K,   0% used [0x00000000f5000000, 0x00000000f5000000, 0x00000000f5800000)
 tenured generation   total 163676K, used 158742K [0x00000000f5aa0000, 0x00000000ffa77000, 0x0000000100000000)
   the space 163676K,  96% used [0x00000000f5aa0000, 0x00000000ff5a5910, 0x00000000ff5a5a00, 0x00000000ffa77000)
 Metaspace       used 346175K, capacity 550717K, committed 585392K, reserved 1374208K
  class space    used 157106K, capacity 226537K, committed 261040K, reserved 1048576K
Event: 962488.629 GC heap after
Heap after GC invocations=9938 (full 59):
 def new generation   total 73728K, used 4201K [0x00000000f0800000, 0x00000000f5800000, 0x00000000f5aa0000)
  eden space 65536K,   0% used [0x00000000f0800000, 0x00000000f0800000, 0x00000000f4800000)
  from space 8192K,  51% used [0x00000000f5000000, 0x00000000f541a650, 0x00000000f5800000)
  to   space 8192K,   0% used [0x00000000f4800000, 0x00000000f4800000, 0x00000000f5000000)
 tenured generation   total 163676K, used 159171K [0x00000000f5aa0000, 0x00000000ffa77000, 0x0000000100000000)
   the space 163676K,  97% used [0x00000000f5aa0000, 0x00000000ff610dc0, 0x00000000ff610e00, 0x00000000ffa77000)
 Metaspace       used 346175K, capacity 550717K, committed 585392K, reserved 1374208K
  class space    used 157106K, capacity 226537K, committed 261040K, reserved 1048576K
}

